<?xml version="1.0" encoding="UTF-8"?>
<!-- Generated by org.testng.reporters.JUnitReportReporter -->
<testsuite hostname="DESKTOP-95BEDQV" failures="0" tests="1" name="Runner.TestRunnerUsingPageObjectManager" time="14.033" errors="0" timestamp="2024-12-05T05:25:55 IST" skipped="0">
  <testcase classname="Runner.TestRunnerUsingPageObjectManager" name="validateLoginType1" time="14.033"/>
  <system-out/>
</testsuite> <!-- Runner.TestRunnerUsingPageObjectManager -->
