<?xml version="1.0" encoding="UTF-8"?>
<!-- Generated by org.testng.reporters.JUnitReportReporter -->
<testsuite hostname="DESKTOP-95BEDQV" failures="0" tests="1" name="PageObjects.Login_page" time="11.059" errors="0" timestamp="2024-12-03T04:53:08 IST" skipped="0">
  <testcase classname="PageObjects.Login_page" name="login" time="11.059"/>
  <system-out/>
</testsuite> <!-- PageObjects.Login_page -->
