<?xml version="1.0" encoding="UTF-8"?>
<!-- Generated by org.testng.reporters.JUnitReportReporter -->
<testsuite hostname="DESKTOP-95BEDQV" failures="0" tests="1" name="PageObjects.LoginPageType4" time="0.044" errors="0" timestamp="2024-12-04T05:28:55 IST" skipped="0">
  <testcase classname="PageObjects.LoginPageType4" name="method" time="0.044"/>
  <system-out/>
</testsuite> <!-- PageObjects.LoginPageType4 -->
