<?xml version="1.0" encoding="UTF-8"?>
<!-- Generated by org.testng.reporters.JUnitReportReporter -->
<testsuite hostname="DESKTOP-95BEDQV" failures="0" tests="1" name="Runner.TestRunner" time="9.843" errors="0" timestamp="2024-12-05T04:27:51 IST" skipped="0">
  <testcase classname="Runner.TestRunner" name="validateLoginType5" time="9.843"/>
  <system-out/>
</testsuite> <!-- Runner.TestRunner -->
